{"/Users/balkar_singh/e2/src/Middlewares/company.validator.js": {"path":"/Users/balkar_singh/e2/src/Middlewares/company.validator.js","statementMap":{"0":{"start":{"line":1,"column":12},"end":{"line":1,"column":26}},"1":{"start":{"line":3,"column":18},"end":{"line":5,"column":2}},"2":{"start":{"line":6,"column":21},"end":{"line":8,"column":13}},"3":{"start":{"line":10,"column":20},"end":{"line":17,"column":1}},"4":{"start":{"line":11,"column":20},"end":{"line":11,"column":48}},"5":{"start":{"line":12,"column":2},"end":{"line":16,"column":11}},"6":{"start":{"line":13,"column":4},"end":{"line":13,"column":69}},"7":{"start":{"line":16,"column":4},"end":{"line":16,"column":11}},"8":{"start":{"line":18,"column":23},"end":{"line":25,"column":1}},"9":{"start":{"line":19,"column":20},"end":{"line":19,"column":52}},"10":{"start":{"line":20,"column":2},"end":{"line":24,"column":11}},"11":{"start":{"line":21,"column":4},"end":{"line":21,"column":69}},"12":{"start":{"line":24,"column":4},"end":{"line":24,"column":11}},"13":{"start":{"line":29,"column":0},"end":{"line":29,"column":49}}},"fnMap":{"0":{"name":"(anonymous_0)","decl":{"start":{"line":10,"column":20},"end":{"line":10,"column":21}},"loc":{"start":{"line":10,"column":40},"end":{"line":17,"column":1}},"line":10},"1":{"name":"(anonymous_1)","decl":{"start":{"line":18,"column":23},"end":{"line":18,"column":24}},"loc":{"start":{"line":18,"column":43},"end":{"line":25,"column":1}},"line":18}},"branchMap":{"0":{"loc":{"start":{"line":12,"column":2},"end":{"line":16,"column":11}},"type":"if","locations":[{"start":{"line":12,"column":2},"end":{"line":16,"column":11}},{"start":{"line":16,"column":4},"end":{"line":16,"column":11}}],"line":12},"1":{"loc":{"start":{"line":20,"column":2},"end":{"line":24,"column":11}},"type":"if","locations":[{"start":{"line":20,"column":2},"end":{"line":24,"column":11}},{"start":{"line":24,"column":4},"end":{"line":24,"column":11}}],"line":20}},"s":{"0":1,"1":1,"2":1,"3":1,"4":3,"5":3,"6":2,"7":1,"8":1,"9":3,"10":3,"11":2,"12":1,"13":1},"f":{"0":3,"1":3},"b":{"0":[2,1],"1":[2,1]},"_coverageSchema":"1a1c01bbd47fc00a2c39e90264f33305004495a9","hash":"bdb82808e25715ed58d3d82dd02f0d1e3caf5ba4"}
}
