{"/Users/balkar_singh/e2/database/models/company.js": {"path":"/Users/balkar_singh/e2/database/models/company.js","statementMap":{"0":{"start":{"line":4,"column":4},"end":{"line":4,"column":24}},"1":{"start":{"line":5,"column":0},"end":{"line":27,"column":2}},"2":{"start":{"line":16,"column":2},"end":{"line":25,"column":5}},"3":{"start":{"line":26,"column":2},"end":{"line":26,"column":17}}},"fnMap":{"0":{"name":"(anonymous_0)","decl":{"start":{"line":5,"column":17},"end":{"line":5,"column":18}},"loc":{"start":{"line":5,"column":43},"end":{"line":27,"column":1}},"line":5},"1":{"name":"(anonymous_1)","decl":{"start":{"line":12,"column":4},"end":{"line":12,"column":5}},"loc":{"start":{"line":12,"column":29},"end":{"line":14,"column":5}},"line":12}},"branchMap":{},"s":{"0":1,"1":1,"2":1,"3":1},"f":{"0":1,"1":1},"b":{},"_coverageSchema":"1a1c01bbd47fc00a2c39e90264f33305004495a9","hash":"83005c34c66a2ea09608d3c0c2905b4bd67b6621"}
,"/Users/balkar_singh/e2/database/models/index.js": {"path":"/Users/balkar_singh/e2/database/models/index.js","statementMap":{"0":{"start":{"line":3,"column":11},"end":{"line":3,"column":24}},"1":{"start":{"line":4,"column":13},"end":{"line":4,"column":28}},"2":{"start":{"line":5,"column":18},"end":{"line":5,"column":38}},"3":{"start":{"line":6,"column":16},"end":{"line":6,"column":34}},"4":{"start":{"line":7,"column":17},"end":{"line":7,"column":42}},"5":{"start":{"line":8,"column":12},"end":{"line":8,"column":49}},"6":{"start":{"line":9,"column":15},"end":{"line":9,"column":65}},"7":{"start":{"line":10,"column":11},"end":{"line":10,"column":13}},"8":{"start":{"line":13,"column":0},"end":{"line":17,"column":1}},"9":{"start":{"line":14,"column":2},"end":{"line":14,"column":74}},"10":{"start":{"line":16,"column":2},"end":{"line":16,"column":87}},"11":{"start":{"line":19,"column":0},"end":{"line":32,"column":5}},"12":{"start":{"line":22,"column":4},"end":{"line":27,"column":6}},"13":{"start":{"line":30,"column":18},"end":{"line":30,"column":85}},"14":{"start":{"line":31,"column":4},"end":{"line":31,"column":27}},"15":{"start":{"line":34,"column":0},"end":{"line":38,"column":3}},"16":{"start":{"line":35,"column":2},"end":{"line":37,"column":3}},"17":{"start":{"line":36,"column":4},"end":{"line":36,"column":32}},"18":{"start":{"line":40,"column":0},"end":{"line":40,"column":25}},"19":{"start":{"line":41,"column":0},"end":{"line":41,"column":25}},"20":{"start":{"line":43,"column":0},"end":{"line":43,"column":20}}},"fnMap":{"0":{"name":"(anonymous_0)","decl":{"start":{"line":21,"column":10},"end":{"line":21,"column":11}},"loc":{"start":{"line":21,"column":18},"end":{"line":28,"column":3}},"line":21},"1":{"name":"(anonymous_1)","decl":{"start":{"line":29,"column":11},"end":{"line":29,"column":12}},"loc":{"start":{"line":29,"column":19},"end":{"line":32,"column":3}},"line":29},"2":{"name":"(anonymous_2)","decl":{"start":{"line":34,"column":24},"end":{"line":34,"column":25}},"loc":{"start":{"line":34,"column":37},"end":{"line":38,"column":1}},"line":34}},"branchMap":{"0":{"loc":{"start":{"line":8,"column":12},"end":{"line":8,"column":49}},"type":"binary-expr","locations":[{"start":{"line":8,"column":12},"end":{"line":8,"column":32}},{"start":{"line":8,"column":36},"end":{"line":8,"column":49}}],"line":8},"1":{"loc":{"start":{"line":13,"column":0},"end":{"line":17,"column":1}},"type":"if","locations":[{"start":{"line":13,"column":0},"end":{"line":17,"column":1}},{"start":{"line":15,"column":7},"end":{"line":17,"column":1}}],"line":13},"2":{"loc":{"start":{"line":23,"column":6},"end":{"line":26,"column":37}},"type":"binary-expr","locations":[{"start":{"line":23,"column":6},"end":{"line":23,"column":29}},{"start":{"line":24,"column":6},"end":{"line":24,"column":23}},{"start":{"line":25,"column":6},"end":{"line":25,"column":30}},{"start":{"line":26,"column":6},"end":{"line":26,"column":37}}],"line":23},"3":{"loc":{"start":{"line":35,"column":2},"end":{"line":37,"column":3}},"type":"if","locations":[{"start":{"line":35,"column":2},"end":{"line":37,"column":3}},{"start":{},"end":{}}],"line":35}},"s":{"0":1,"1":1,"2":1,"3":1,"4":1,"5":1,"6":1,"7":1,"8":1,"9":0,"10":1,"11":1,"12":2,"13":1,"14":1,"15":1,"16":1,"17":1,"18":1,"19":1,"20":1},"f":{"0":2,"1":1,"2":1},"b":{"0":[1,0],"1":[0,1],"2":[2,2,1,1],"3":[1,0]},"_coverageSchema":"1a1c01bbd47fc00a2c39e90264f33305004495a9","hash":"855f030599b5c13acaa1b5e66e54460a9007378a"}
,"/Users/balkar_singh/e2/errors/HttpErrors.js": {"path":"/Users/balkar_singh/e2/errors/HttpErrors.js","statementMap":{"0":{"start":{"line":3,"column":4},"end":{"line":3,"column":19}},"1":{"start":{"line":4,"column":4},"end":{"line":4,"column":27}},"2":{"start":{"line":5,"column":4},"end":{"line":5,"column":26}},"3":{"start":{"line":8,"column":0},"end":{"line":8,"column":28}}},"fnMap":{"0":{"name":"(anonymous_0)","decl":{"start":{"line":2,"column":2},"end":{"line":2,"column":3}},"loc":{"start":{"line":2,"column":34},"end":{"line":6,"column":3}},"line":2}},"branchMap":{},"s":{"0":0,"1":0,"2":0,"3":1},"f":{"0":0},"b":{},"_coverageSchema":"1a1c01bbd47fc00a2c39e90264f33305004495a9","hash":"bd82c1ea62a620ff687cf6b0dd183fb99630af32"}
,"/Users/balkar_singh/e2/src/Controllers/companyController.js": {"path":"/Users/balkar_singh/e2/src/Controllers/companyController.js","statementMap":{"0":{"start":{"line":1,"column":17},"end":{"line":1,"column":55}},"1":{"start":{"line":2,"column":19},"end":{"line":2,"column":53}},"2":{"start":{"line":3,"column":22},"end":{"line":15,"column":1}},"3":{"start":{"line":4,"column":2},"end":{"line":14,"column":3}},"4":{"start":{"line":5,"column":20},"end":{"line":5,"column":66}},"5":{"start":{"line":7,"column":4},"end":{"line":7,"column":36}},"6":{"start":{"line":10,"column":4},"end":{"line":13,"column":65}},"7":{"start":{"line":11,"column":6},"end":{"line":11,"column":62}},"8":{"start":{"line":13,"column":6},"end":{"line":13,"column":65}},"9":{"start":{"line":17,"column":29},"end":{"line":35,"column":1}},"10":{"start":{"line":18,"column":2},"end":{"line":34,"column":3}},"11":{"start":{"line":19,"column":20},"end":{"line":19,"column":73}},"12":{"start":{"line":21,"column":17},"end":{"line":21,"column":19}},"13":{"start":{"line":22,"column":4},"end":{"line":25,"column":5}},"14":{"start":{"line":22,"column":17},"end":{"line":22,"column":18}},"15":{"start":{"line":23,"column":6},"end":{"line":23,"column":43}},"16":{"start":{"line":24,"column":6},"end":{"line":24,"column":32}},"17":{"start":{"line":26,"column":4},"end":{"line":26,"column":33}},"18":{"start":{"line":30,"column":4},"end":{"line":33,"column":65}},"19":{"start":{"line":31,"column":6},"end":{"line":31,"column":62}},"20":{"start":{"line":33,"column":6},"end":{"line":33,"column":65}},"21":{"start":{"line":37,"column":22},"end":{"line":49,"column":1}},"22":{"start":{"line":38,"column":2},"end":{"line":47,"column":3}},"23":{"start":{"line":39,"column":18},"end":{"line":39,"column":71}},"24":{"start":{"line":40,"column":4},"end":{"line":40,"column":34}},"25":{"start":{"line":43,"column":4},"end":{"line":46,"column":65}},"26":{"start":{"line":44,"column":6},"end":{"line":44,"column":62}},"27":{"start":{"line":46,"column":6},"end":{"line":46,"column":65}},"28":{"start":{"line":51,"column":0},"end":{"line":51,"column":72}}},"fnMap":{"0":{"name":"(anonymous_0)","decl":{"start":{"line":3,"column":22},"end":{"line":3,"column":23}},"loc":{"start":{"line":3,"column":42},"end":{"line":15,"column":1}},"line":3},"1":{"name":"(anonymous_1)","decl":{"start":{"line":17,"column":29},"end":{"line":17,"column":30}},"loc":{"start":{"line":17,"column":49},"end":{"line":35,"column":1}},"line":17},"2":{"name":"(anonymous_2)","decl":{"start":{"line":37,"column":22},"end":{"line":37,"column":23}},"loc":{"start":{"line":37,"column":42},"end":{"line":49,"column":1}},"line":37}},"branchMap":{"0":{"loc":{"start":{"line":10,"column":4},"end":{"line":13,"column":65}},"type":"if","locations":[{"start":{"line":10,"column":4},"end":{"line":13,"column":65}},{"start":{"line":13,"column":6},"end":{"line":13,"column":65}}],"line":10},"1":{"loc":{"start":{"line":30,"column":4},"end":{"line":33,"column":65}},"type":"if","locations":[{"start":{"line":30,"column":4},"end":{"line":33,"column":65}},{"start":{"line":33,"column":6},"end":{"line":33,"column":65}}],"line":30},"2":{"loc":{"start":{"line":43,"column":4},"end":{"line":46,"column":65}},"type":"if","locations":[{"start":{"line":43,"column":4},"end":{"line":46,"column":65}},{"start":{"line":46,"column":6},"end":{"line":46,"column":65}}],"line":43}},"s":{"0":1,"1":1,"2":1,"3":3,"4":3,"5":2,"6":1,"7":0,"8":1,"9":1,"10":3,"11":3,"12":2,"13":2,"14":2,"15":2,"16":2,"17":2,"18":1,"19":0,"20":1,"21":1,"22":2,"23":2,"24":1,"25":1,"26":0,"27":1,"28":1},"f":{"0":3,"1":3,"2":2},"b":{"0":[0,1],"1":[0,1],"2":[0,1]},"_coverageSchema":"1a1c01bbd47fc00a2c39e90264f33305004495a9","hash":"ea13a7138ca81b7d2b58bef4da680708ef4bdcb6"}
,"/Users/balkar_singh/e2/src/Services/companyServices.js": {"path":"/Users/balkar_singh/e2/src/Services/companyServices.js","statementMap":{"0":{"start":{"line":1,"column":17},"end":{"line":1,"column":53}},"1":{"start":{"line":2,"column":20},"end":{"line":2,"column":52}},"2":{"start":{"line":3,"column":18},"end":{"line":3,"column":52}},"3":{"start":{"line":5,"column":22},"end":{"line":27,"column":1}},"4":{"start":{"line":6,"column":23},"end":{"line":6,"column":55}},"5":{"start":{"line":7,"column":24},"end":{"line":7,"column":69}},"6":{"start":{"line":8,"column":2},"end":{"line":10,"column":3}},"7":{"start":{"line":9,"column":4},"end":{"line":9,"column":46}},"8":{"start":{"line":11,"column":26},"end":{"line":11,"column":70}},"9":{"start":{"line":12,"column":2},"end":{"line":14,"column":3}},"10":{"start":{"line":13,"column":4},"end":{"line":13,"column":59}},"11":{"start":{"line":15,"column":2},"end":{"line":15,"column":65}},"12":{"start":{"line":16,"column":2},"end":{"line":18,"column":3}},"13":{"start":{"line":17,"column":4},"end":{"line":17,"column":52}},"14":{"start":{"line":19,"column":2},"end":{"line":19,"column":46}},"15":{"start":{"line":20,"column":27},"end":{"line":22,"column":4}},"16":{"start":{"line":23,"column":2},"end":{"line":25,"column":3}},"17":{"start":{"line":24,"column":4},"end":{"line":24,"column":59}},"18":{"start":{"line":26,"column":2},"end":{"line":26,"column":26}},"19":{"start":{"line":29,"column":29},"end":{"line":34,"column":1}},"20":{"start":{"line":30,"column":20},"end":{"line":32,"column":4}},"21":{"start":{"line":33,"column":2},"end":{"line":33,"column":19}},"22":{"start":{"line":36,"column":22},"end":{"line":43,"column":1}},"23":{"start":{"line":37,"column":26},"end":{"line":37,"column":77}},"24":{"start":{"line":38,"column":2},"end":{"line":40,"column":3}},"25":{"start":{"line":39,"column":4},"end":{"line":39,"column":50}},"26":{"start":{"line":41,"column":25},"end":{"line":41,"column":59}},"27":{"start":{"line":42,"column":2},"end":{"line":42,"column":155}},"28":{"start":{"line":45,"column":0},"end":{"line":45,"column":72}}},"fnMap":{"0":{"name":"(anonymous_0)","decl":{"start":{"line":5,"column":22},"end":{"line":5,"column":23}},"loc":{"start":{"line":5,"column":37},"end":{"line":27,"column":1}},"line":5},"1":{"name":"(anonymous_1)","decl":{"start":{"line":29,"column":29},"end":{"line":29,"column":30}},"loc":{"start":{"line":29,"column":47},"end":{"line":34,"column":1}},"line":29},"2":{"name":"(anonymous_2)","decl":{"start":{"line":36,"column":22},"end":{"line":36,"column":23}},"loc":{"start":{"line":36,"column":42},"end":{"line":43,"column":1}},"line":36}},"branchMap":{"0":{"loc":{"start":{"line":8,"column":2},"end":{"line":10,"column":3}},"type":"if","locations":[{"start":{"line":8,"column":2},"end":{"line":10,"column":3}},{"start":{},"end":{}}],"line":8},"1":{"loc":{"start":{"line":12,"column":2},"end":{"line":14,"column":3}},"type":"if","locations":[{"start":{"line":12,"column":2},"end":{"line":14,"column":3}},{"start":{},"end":{}}],"line":12},"2":{"loc":{"start":{"line":16,"column":2},"end":{"line":18,"column":3}},"type":"if","locations":[{"start":{"line":16,"column":2},"end":{"line":18,"column":3}},{"start":{},"end":{}}],"line":16},"3":{"loc":{"start":{"line":23,"column":2},"end":{"line":25,"column":3}},"type":"if","locations":[{"start":{"line":23,"column":2},"end":{"line":25,"column":3}},{"start":{},"end":{}}],"line":23},"4":{"loc":{"start":{"line":38,"column":2},"end":{"line":40,"column":3}},"type":"if","locations":[{"start":{"line":38,"column":2},"end":{"line":40,"column":3}},{"start":{},"end":{}}],"line":38}},"s":{"0":1,"1":1,"2":1,"3":1,"4":0,"5":0,"6":0,"7":0,"8":0,"9":0,"10":0,"11":0,"12":0,"13":0,"14":0,"15":0,"16":0,"17":0,"18":0,"19":1,"20":0,"21":0,"22":1,"23":0,"24":0,"25":0,"26":0,"27":0,"28":1},"f":{"0":0,"1":0,"2":0},"b":{"0":[0,0],"1":[0,0],"2":[0,0],"3":[0,0],"4":[0,0]},"_coverageSchema":"1a1c01bbd47fc00a2c39e90264f33305004495a9","hash":"08029fbe4a7ac81f99184628c24d18350d921a75"}
,"/Users/balkar_singh/e2/src/Utils/companyUtilities.js": {"path":"/Users/balkar_singh/e2/src/Utils/companyUtilities.js","statementMap":{"0":{"start":{"line":1,"column":14},"end":{"line":1,"column":30}},"1":{"start":{"line":2,"column":21},"end":{"line":8,"column":1}},"2":{"start":{"line":3,"column":18},"end":{"line":6,"column":6}},"3":{"start":{"line":5,"column":6},"end":{"line":5,"column":27}},"4":{"start":{"line":7,"column":2},"end":{"line":7,"column":17}},"5":{"start":{"line":10,"column":25},"end":{"line":21,"column":1}},"6":{"start":{"line":11,"column":2},"end":{"line":11,"column":24}},"7":{"start":{"line":12,"column":2},"end":{"line":12,"column":27}},"8":{"start":{"line":13,"column":18},"end":{"line":13,"column":20}},"9":{"start":{"line":14,"column":2},"end":{"line":19,"column":5}},"10":{"start":{"line":15,"column":17},"end":{"line":15,"column":35}},"11":{"start":{"line":16,"column":4},"end":{"line":16,"column":34}},"12":{"start":{"line":17,"column":4},"end":{"line":18,"column":64}},"13":{"start":{"line":18,"column":6},"end":{"line":18,"column":64}},"14":{"start":{"line":20,"column":2},"end":{"line":20,"column":17}},"15":{"start":{"line":23,"column":23},"end":{"line":33,"column":1}},"16":{"start":{"line":24,"column":15},"end":{"line":24,"column":17}},"17":{"start":{"line":25,"column":2},"end":{"line":31,"column":3}},"18":{"start":{"line":25,"column":15},"end":{"line":25,"column":16}},"19":{"start":{"line":26,"column":17},"end":{"line":26,"column":117}},"20":{"start":{"line":26,"column":101},"end":{"line":26,"column":116}},"21":{"start":{"line":27,"column":4},"end":{"line":29,"column":5}},"22":{"start":{"line":28,"column":6},"end":{"line":28,"column":15}},"23":{"start":{"line":30,"column":4},"end":{"line":30,"column":123}},"24":{"start":{"line":32,"column":2},"end":{"line":32,"column":16}},"25":{"start":{"line":35,"column":17},"end":{"line":55,"column":1}},"26":{"start":{"line":36,"column":22},"end":{"line":36,"column":24}},"27":{"start":{"line":37,"column":2},"end":{"line":53,"column":3}},"28":{"start":{"line":37,"column":15},"end":{"line":37,"column":16}},"29":{"start":{"line":38,"column":4},"end":{"line":42,"column":5}},"30":{"start":{"line":39,"column":18},"end":{"line":39,"column":72}},"31":{"start":{"line":40,"column":19},"end":{"line":40,"column":69}},"32":{"start":{"line":40,"column":53},"end":{"line":40,"column":68}},"33":{"start":{"line":41,"column":6},"end":{"line":41,"column":46}},"34":{"start":{"line":44,"column":4},"end":{"line":52,"column":7}},"35":{"start":{"line":45,"column":6},"end":{"line":51,"column":7}},"36":{"start":{"line":47,"column":22},"end":{"line":47,"column":45}},"37":{"start":{"line":48,"column":22},"end":{"line":48,"column":117}},"38":{"start":{"line":49,"column":8},"end":{"line":49,"column":27}},"39":{"start":{"line":50,"column":8},"end":{"line":50,"column":44}},"40":{"start":{"line":54,"column":2},"end":{"line":54,"column":17}},"41":{"start":{"line":57,"column":0},"end":{"line":57,"column":78}}},"fnMap":{"0":{"name":"(anonymous_0)","decl":{"start":{"line":2,"column":21},"end":{"line":2,"column":22}},"loc":{"start":{"line":2,"column":36},"end":{"line":8,"column":1}},"line":2},"1":{"name":"(anonymous_1)","decl":{"start":{"line":4,"column":10},"end":{"line":4,"column":11}},"loc":{"start":{"line":4,"column":22},"end":{"line":6,"column":5}},"line":4},"2":{"name":"(anonymous_2)","decl":{"start":{"line":10,"column":25},"end":{"line":10,"column":26}},"loc":{"start":{"line":10,"column":40},"end":{"line":21,"column":1}},"line":10},"3":{"name":"(anonymous_3)","decl":{"start":{"line":14,"column":10},"end":{"line":14,"column":11}},"loc":{"start":{"line":14,"column":20},"end":{"line":19,"column":3}},"line":14},"4":{"name":"(anonymous_4)","decl":{"start":{"line":23,"column":23},"end":{"line":23,"column":24}},"loc":{"start":{"line":23,"column":42},"end":{"line":33,"column":1}},"line":23},"5":{"name":"(anonymous_5)","decl":{"start":{"line":26,"column":89},"end":{"line":26,"column":90}},"loc":{"start":{"line":26,"column":101},"end":{"line":26,"column":116}},"line":26},"6":{"name":"(anonymous_6)","decl":{"start":{"line":35,"column":17},"end":{"line":35,"column":18}},"loc":{"start":{"line":35,"column":36},"end":{"line":55,"column":1}},"line":35},"7":{"name":"(anonymous_7)","decl":{"start":{"line":40,"column":41},"end":{"line":40,"column":42}},"loc":{"start":{"line":40,"column":53},"end":{"line":40,"column":68}},"line":40},"8":{"name":"(anonymous_8)","decl":{"start":{"line":44,"column":45},"end":{"line":44,"column":46}},"loc":{"start":{"line":44,"column":55},"end":{"line":52,"column":5}},"line":44}},"branchMap":{"0":{"loc":{"start":{"line":17,"column":4},"end":{"line":18,"column":64}},"type":"if","locations":[{"start":{"line":17,"column":4},"end":{"line":18,"column":64}},{"start":{},"end":{}}],"line":17},"1":{"loc":{"start":{"line":27,"column":4},"end":{"line":29,"column":5}},"type":"if","locations":[{"start":{"line":27,"column":4},"end":{"line":29,"column":5}},{"start":{},"end":{}}],"line":27},"2":{"loc":{"start":{"line":38,"column":4},"end":{"line":42,"column":5}},"type":"if","locations":[{"start":{"line":38,"column":4},"end":{"line":42,"column":5}},{"start":{},"end":{}}],"line":38},"3":{"loc":{"start":{"line":45,"column":6},"end":{"line":51,"column":7}},"type":"if","locations":[{"start":{"line":45,"column":6},"end":{"line":51,"column":7}},{"start":{},"end":{}}],"line":45}},"s":{"0":1,"1":1,"2":0,"3":0,"4":0,"5":1,"6":0,"7":0,"8":0,"9":0,"10":0,"11":0,"12":0,"13":0,"14":0,"15":1,"16":0,"17":0,"18":0,"19":0,"20":0,"21":0,"22":0,"23":0,"24":0,"25":1,"26":0,"27":0,"28":0,"29":0,"30":0,"31":0,"32":0,"33":0,"34":0,"35":0,"36":0,"37":0,"38":0,"39":0,"40":0,"41":1},"f":{"0":0,"1":0,"2":0,"3":0,"4":0,"5":0,"6":0,"7":0,"8":0},"b":{"0":[0,0],"1":[0,0],"2":[0,0],"3":[0,0]},"_coverageSchema":"1a1c01bbd47fc00a2c39e90264f33305004495a9","hash":"d9364bdc8c6768db597535e1299e33574d5c34e3"}
}
